Parsing config: Time:   2158 Location: File: /Users/bogo410/Desktop/k-3.5.2/include/k-prelude.k:(91,3,91,31)
Parsing config: Time:    119 Location: File: /Users/bogo410/git/Ksql/././sql.k:(73,9,87,44)
Parsing rule: Time:     56 Location: File: /Users/bogo410/Desktop/k-3.5.2/include/builtins/bool.k:(27,3,27,28)
Parsing rule: Time:     29 Location: File: /Users/bogo410/Desktop/k-3.5.2/include/builtins/bool.k:(28,3,28,28)
Parsing rule: Time:     31 Location: File: /Users/bogo410/Desktop/k-3.5.2/include/builtins/bool.k:(30,3,30,36)
Parsing rule: Time:     30 Location: File: /Users/bogo410/Desktop/k-3.5.2/include/builtins/bool.k:(31,3,31,36)
Parsing rule: Time:     28 Location: File: /Users/bogo410/Desktop/k-3.5.2/include/builtins/bool.k:(32,3,32,36)
Parsing rule: Time:     28 Location: File: /Users/bogo410/Desktop/k-3.5.2/include/builtins/bool.k:(33,3,33,36)
Parsing rule: Time:     30 Location: File: /Users/bogo410/Desktop/k-3.5.2/include/builtins/bool.k:(35,3,35,32)
Parsing rule: Time:     27 Location: File: /Users/bogo410/Desktop/k-3.5.2/include/builtins/bool.k:(36,3,36,32)
Parsing rule: Time:     24 Location: File: /Users/bogo410/Desktop/k-3.5.2/include/builtins/bool.k:(37,3,37,35)
Parsing rule: Time:     23 Location: File: /Users/bogo410/Desktop/k-3.5.2/include/builtins/bool.k:(38,3,38,35)
Parsing rule: Time:     22 Location: File: /Users/bogo410/Desktop/k-3.5.2/include/builtins/bool.k:(40,3,40,37)
Parsing rule: Time:     21 Location: File: /Users/bogo410/Desktop/k-3.5.2/include/builtins/bool.k:(41,3,41,37)
Parsing rule: Time:     24 Location: File: /Users/bogo410/Desktop/k-3.5.2/include/builtins/bool.k:(42,3,42,37)
Parsing rule: Time:    241 Location: File: /Users/bogo410/Desktop/k-3.5.2/include/builtins/bool.k:(43,3,43,56)
Parsing rule: Time:     23 Location: File: /Users/bogo410/Desktop/k-3.5.2/include/builtins/bool.k:(45,3,45,33)
Parsing rule: Time:     20 Location: File: /Users/bogo410/Desktop/k-3.5.2/include/builtins/bool.k:(46,3,46,33)
Parsing rule: Time:     25 Location: File: /Users/bogo410/Desktop/k-3.5.2/include/builtins/bool.k:(47,3,47,31)
Parsing rule: Time:     22 Location: File: /Users/bogo410/Desktop/k-3.5.2/include/builtins/bool.k:(48,3,48,31)
Parsing rule: Time:     20 Location: File: /Users/bogo410/Desktop/k-3.5.2/include/builtins/bool.k:(50,3,50,32)
Parsing rule: Time:     20 Location: File: /Users/bogo410/Desktop/k-3.5.2/include/builtins/bool.k:(51,3,51,32)
Parsing rule: Time:     21 Location: File: /Users/bogo410/Desktop/k-3.5.2/include/builtins/bool.k:(52,3,52,32)
Parsing rule: Time:     21 Location: File: /Users/bogo410/Desktop/k-3.5.2/include/builtins/bool.k:(53,3,53,32)
Parsing rule: Time:     20 Location: File: /Users/bogo410/Desktop/k-3.5.2/include/builtins/bool.k:(55,3,55,35)
Parsing rule: Time:     18 Location: File: /Users/bogo410/Desktop/k-3.5.2/include/builtins/bool.k:(56,3,56,39)
Parsing rule: Time:     19 Location: File: /Users/bogo410/Desktop/k-3.5.2/include/builtins/bool.k:(57,3,57,38)
Parsing rule: Time:     28 Location: File: /Users/bogo410/Desktop/k-3.5.2/include/builtins/bool.k:(58,3,58,44)
Parsing rule: Time:     33 Location: File: /Users/bogo410/Desktop/k-3.5.2/include/builtins/bool.k:(60,3,60,55)
Parsing rule: Time:     27 Location: File: /Users/bogo410/Desktop/k-3.5.2/include/builtins/bool.k:(66,3,66,71)
Parsing rule: Time:     22 Location: File: /Users/bogo410/Desktop/k-3.5.2/include/builtins/bool.k:(67,3,67,37)
Parsing rule: Time:     20 Location: File: /Users/bogo410/Desktop/k-3.5.2/include/builtins/bool.k:(68,3,68,54)
Parsing rule: Time:     29 Location: File: /Users/bogo410/Desktop/k-3.5.2/include/builtins/bool.k:(69,3,69,69)
Parsing rule: Time:     30 Location: File: /Users/bogo410/Desktop/k-3.5.2/include/builtins/k-equal.k:(23,3,23,43)
Parsing rule: Time:     23 Location: File: /Users/bogo410/Desktop/k-3.5.2/include/builtins/k-equal.k:(30,3,30,44)
Parsing rule: Time:     23 Location: File: /Users/bogo410/Desktop/k-3.5.2/include/builtins/k-equal.k:(31,3,31,45)
Parsing rule: Time:     49 Location: File: /Users/bogo410/Desktop/k-3.5.2/include/builtins/k-equal.k:(37,3,37,63)
Parsing rule: Time:     36 Location: File: /Users/bogo410/Desktop/k-3.5.2/include/builtins/k-equal.k:(41,3,41,64)
Parsing rule: Time:     58 Location: File: /Users/bogo410/Desktop/k-3.5.2/include/builtins/k-equal.k:(46,3,46,64)
Parsing rule: Time:     51 Location: File: /Users/bogo410/Desktop/k-3.5.2/include/builtins/k-equal.k:(51,3,51,71)
Parsing rule: Time:     21 Location: File: /Users/bogo410/Desktop/k-3.5.2/include/builtins/k-equal.k:(61,3,61,23)
Parsing rule: Time:     75 Location: File: /Users/bogo410/Desktop/k-3.5.2/include/builtins/k-equal.k:(63,3,63,92)
Parsing rule: Time:     13 Location: File: /Users/bogo410/Desktop/k-3.5.2/include/builtins/k-equal.k:(64,3,64,35)
Parsing rule: Time:     18 Location: File: /Users/bogo410/Desktop/k-3.5.2/include/builtins/k-equal.k:(65,3,65,44)
Parsing rule: Time:     23 Location: File: /Users/bogo410/Desktop/k-3.5.2/include/builtins/k-equal.k:(66,3,66,44)
Parsing rule: Time:     60 Location: File: /Users/bogo410/Desktop/k-3.5.2/include/builtins/int.k:(42,3,43,18)
Parsing rule: Time:     62 Location: File: /Users/bogo410/Desktop/k-3.5.2/include/builtins/int.k:(44,3,48,18)
Parsing rule: Time:     23 Location: File: /Users/bogo410/Desktop/k-3.5.2/include/builtins/int.k:(59,3,59,51)
Parsing rule: Time:     28 Location: File: /Users/bogo410/Desktop/k-3.5.2/include/builtins/int.k:(60,3,60,57)
Parsing rule: Time:     12 Location: File: /Users/bogo410/Desktop/k-3.5.2/include/builtins/int.k:(63,3,63,26)
Parsing rule: Time:     12 Location: File: /Users/bogo410/Desktop/k-3.5.2/include/builtins/int.k:(64,3,64,27)
Parsing rule: Time:     22 Location: File: /Users/bogo410/Desktop/k-3.5.2/include/builtins/int.k:(68,3,68,53)
Parsing rule: Time:     13 Location: File: /Users/bogo410/Desktop/k-3.5.2/include/builtins/int.k:(71,3,71,27)
Parsing rule: Time:     24 Location: File: /Users/bogo410/Desktop/k-3.5.2/include/builtins/float.k:(70,3,70,59)
Parsing rule: Time:     15 Location: File: /Users/bogo410/Desktop/k-3.5.2/include/builtins/float.k:(75,3,75,44)
Parsing rule: Time:     23 Location: File: /Users/bogo410/Desktop/k-3.5.2/include/builtins/string.k:(62,3,62,63)
Parsing rule: Time:     27 Location: File: /Users/bogo410/Desktop/k-3.5.2/include/builtins/string.k:(72,3,72,61)
Parsing rule: Time:     22 Location: File: /Users/bogo410/Desktop/k-3.5.2/include/builtins/string.k:(73,3,73,51)
Parsing rule: Time:     22 Location: File: /Users/bogo410/Desktop/k-3.5.2/include/builtins/string.k:(74,3,74,61)
Parsing rule: Time:    110 Location: File: /Users/bogo410/Desktop/k-3.5.2/include/builtins/string.k:(76,3,76,426)
Parsing rule: Time:     14 Location: File: /Users/bogo410/Desktop/k-3.5.2/include/builtins/string.k:(77,3,77,31)
Parsing rule: Time:     43 Location: File: /Users/bogo410/Desktop/k-3.5.2/include/builtins/string.k:(78,3,78,177)
Parsing rule: Time:     16 Location: File: /Users/bogo410/Desktop/k-3.5.2/include/builtins/string.k:(79,3,79,32)
Parsing rule: Time:     22 Location: File: /Users/bogo410/Desktop/k-3.5.2/include/builtins/string.k:(85,3,85,71)
Parsing rule: Time:     51 Location: File: /Users/bogo410/Desktop/k-3.5.2/include/builtins/string.k:(88,3,90,86)
Parsing rule: Time:     40 Location: File: /Users/bogo410/Desktop/k-3.5.2/include/builtins/string.k:(93,3,95,86)
Parsing rule: Time:     43 Location: File: /Users/bogo410/Desktop/k-3.5.2/include/builtins/string.k:(98,3,100,49)
Parsing rule: Time:     36 Location: File: /Users/bogo410/Desktop/k-3.5.2/include/builtins/string.k:(103,3,105,65)
Parsing rule: Time:     25 Location: File: /Users/bogo410/Desktop/k-3.5.2/include/builtins/string.k:(107,3,108,54)
Parsing rule: Time:     66 Location: File: /Users/bogo410/Desktop/k-3.5.2/include/builtins/string.k:(109,3,110,55)
Parsing rule: Time:     96 Location: File: /Users/bogo410/Desktop/k-3.5.2/include/builtins/string.k:(112,3,114,61)
Parsing rule: Time:     30 Location: File: /Users/bogo410/Desktop/k-3.5.2/include/builtins/string.k:(115,3,116,52)
Parsing rule: Time:    121 Location: File: /Users/bogo410/Desktop/k-3.5.2/include/builtins/string.k:(119,3,122,25)
Parsing rule: Time:     42 Location: File: /Users/bogo410/Desktop/k-3.5.2/include/builtins/string.k:(123,3,123,43)
Parsing rule: Time:     55 Location: File: /Users/bogo410/Desktop/k-3.5.2/include/builtins/string.k:(124,3,124,137)
Parsing rule: Time:     22 Location: File: /Users/bogo410/Desktop/k-3.5.2/include/builtins/string.k:(126,3,126,92)
Parsing rule: Time:     18 Location: File: /Users/bogo410/Desktop/k-3.5.2/include/builtins/string.k:(127,3,127,63)
Parsing rule: Time:     10 Location: File: /Users/bogo410/Desktop/k-3.5.2/include/builtins/string.k:(128,3,128,22)
Parsing rule: Time:     29 Location: File: /Users/bogo410/Desktop/k-3.5.2/include/builtins/string.k:(130,3,130,149)
Parsing rule: Time:     19 Location: File: /Users/bogo410/Desktop/k-3.5.2/include/builtins/string.k:(131,3,131,103)
Parsing rule: Time:      8 Location: File: /Users/bogo410/Desktop/k-3.5.2/include/builtins/string.k:(132,3,132,22)
Parsing rule: Time:     12 Location: File: /Users/bogo410/Desktop/k-3.5.2/include/builtins/string.k:(134,3,134,35)
Parsing rule: Time:     13 Location: File: /Users/bogo410/Desktop/k-3.5.2/include/builtins/string.k:(137,3,137,52)
Parsing rule: Time:     12 Location: File: /Users/bogo410/Desktop/k-3.5.2/include/builtins/string.k:(138,3,138,56)
Parsing rule: Time:     12 Location: File: /Users/bogo410/Desktop/k-3.5.2/include/builtins/string.k:(139,3,139,43)
Parsing rule: Time:     13 Location: File: /Users/bogo410/Desktop/k-3.5.2/include/builtins/string.k:(140,3,140,54)
Parsing rule: Time:     11 Location: File: /Users/bogo410/Desktop/k-3.5.2/include/builtins/id.k:(15,3,15,43)
Parsing rule: Time:     12 Location: File: /Users/bogo410/Desktop/k-3.5.2/include/builtins/id.k:(16,3,16,50)
Parsing rule: Time:     16 Location: File: /Users/bogo410/Desktop/k-3.5.2/include/builtins/id.k:(20,3,20,81)
Parsing rule: Time:     15 Location: File: /Users/bogo410/Desktop/k-3.5.2/include/builtins/id.k:(21,3,21,80)
Parsing rule: Time:     13 Location: File: /Users/bogo410/Desktop/k-3.5.2/include/builtins/id.k:(24,3,24,61)
Parsing rule: Time:      9 Location: File: /Users/bogo410/Desktop/k-3.5.2/include/builtins/counter.k:(11,3,11,38)
Parsing rule: Time:     52 Location: File: /Users/bogo410/Desktop/k-3.5.2/include/k-prelude.k:(26,3,26,51)
Parsing rule: Time:     25 Location: File: /Users/bogo410/Desktop/k-3.5.2/include/k-prelude.k:(27,3,27,37)
Parsing rule: Time:     13 Location: File: /Users/bogo410/Desktop/k-3.5.2/include/k-prelude.k:(28,3,28,32)
Parsing rule: Time:     14 Location: File: /Users/bogo410/Desktop/k-3.5.2/include/k-prelude.k:(64,3,64,40)
Parsing rule: Time:     11 Location: File: /Users/bogo410/Desktop/k-3.5.2/include/k-prelude.k:(86,3,86,29)
Parsing rule: Time:     12 Location: File: /Users/bogo410/Desktop/k-3.5.2/include/k-prelude.k:(98,3,98,33)
Parsing rule: Time:      9 Location: File: /Users/bogo410/Desktop/k-3.5.2/include/modules/substitution.k:(10,3,10,34)
Parsing rule: Time:     10 Location: File: /Users/bogo410/Desktop/k-3.5.2/include/modules/substitution.k:(11,3,11,35)
Parsing rule: Time:     11 Location: File: /Users/bogo410/Desktop/k-3.5.2/include/modules/substitution.k:(12,3,12,34)
Parsing rule: Time:     13 Location: File: /Users/bogo410/Desktop/k-3.5.2/include/modules/substitution.k:(20,3,20,39)
Parsing rule: Time:     14 Location: File: /Users/bogo410/Desktop/k-3.5.2/include/modules/substitution.k:(23,3,23,42)
Parsing rule: Time:     25 Location: File: /Users/bogo410/Desktop/k-3.5.2/include/modules/substitution.k:(26,3,26,71)
Parsing rule: Time:     93 Location: File: /Users/bogo410/Desktop/k-3.5.2/include/modules/substitution.k:(27,3,29,40)
Parsing rule: Time:     13 Location: File: /Users/bogo410/Desktop/k-3.5.2/include/modules/substitution.k:(30,3,30,36)
Parsing rule: Time:     23 Location: File: /Users/bogo410/Desktop/k-3.5.2/include/modules/substitution.k:(31,3,31,70)
Parsing rule: Time:     15 Location: File: /Users/bogo410/Desktop/k-3.5.2/include/modules/substitution.k:(32,3,32,41)
Parsing rule: Time:     21 Location: File: /Users/bogo410/Desktop/k-3.5.2/include/modules/substitution.k:(33,3,33,67)
Parsing rule: Time:     15 Location: File: /Users/bogo410/Desktop/k-3.5.2/include/modules/substitution.k:(34,3,34,40)
Parsing rule: Time:     24 Location: File: /Users/bogo410/Desktop/k-3.5.2/include/modules/substitution.k:(35,3,35,81)
Parsing rule: Time:     16 Location: File: /Users/bogo410/Desktop/k-3.5.2/include/modules/substitution.k:(36,3,36,40)
Parsing rule: Time:     45 Location: File: /Users/bogo410/Desktop/k-3.5.2/include/modules/substitution.k:(37,3,37,66)
Parsing rule: Time:     16 Location: File: /Users/bogo410/Desktop/k-3.5.2/include/modules/substitution.k:(38,3,38,38)
Parsing rule: Time:     29 Location: File: /Users/bogo410/Desktop/k-3.5.2/include/modules/substitution.k:(43,3,43,70)
Parsing rule: Time:     13 Location: File: /Users/bogo410/Desktop/k-3.5.2/include/modules/substitution.k:(46,3,46,33)
Parsing rule: Time:     71 Location: File: /Users/bogo410/Desktop/k-3.5.2/include/modules/substitution.k:(47,3,51,10)
Parsing rule: Time:     16 Location: File: /Users/bogo410/Desktop/k-3.5.2/include/modules/substitution.k:(52,3,53,37)
Parsing rule: Time:     14 Location: File: /Users/bogo410/Desktop/k-3.5.2/include/modules/substitution.k:(56,3,56,56)
Parsing rule: Time:     14 Location: File: /Users/bogo410/Desktop/k-3.5.2/include/modules/substitution.k:(73,3,73,54)
Parsing rule: Time:     28 Location: File: /Users/bogo410/Desktop/k-3.5.2/include/modules/substitution.k:(76,3,77,12)
Parsing rule: Time:     21 Location: File: /Users/bogo410/Desktop/k-3.5.2/include/modules/substitution.k:(80,3,81,52)
Parsing rule: Time:    151 Location: File: /Users/bogo410/Desktop/k-3.5.2/include/modules/substitution.k:(84,3,92,10)
Parsing rule: Time:     40 Location: File: /Users/bogo410/Desktop/k-3.5.2/include/modules/substitution.k:(93,3,94,39)
Parsing rule: Time:     17 Location: File: /Users/bogo410/Desktop/k-3.5.2/include/builtins/symbolic-k.k:(25,3,25,34)
Parsing rule: Time:     16 Location: File: /Users/bogo410/Desktop/k-3.5.2/include/builtins/symbolic-k.k:(26,3,26,36)
Parsing rule: Time:     18 Location: File: /Users/bogo410/Desktop/k-3.5.2/include/builtins/symbolic-k.k:(27,3,27,34)
Parsing rule: Time:     23 Location: File: /Users/bogo410/Desktop/k-3.5.2/include/builtins/symbolic-k.k:(28,3,28,36)
Parsing rule: Time:     10 Location: File: /Users/bogo410/Desktop/k-3.5.2/include/builtins/symbolic-k.k:(32,3,32,33)
Parsing rule: Time:     10 Location: File: /Users/bogo410/Desktop/k-3.5.2/include/builtins/symbolic-k.k:(33,3,33,32)
Parsing rule: Time:     13 Location: File: /Users/bogo410/Desktop/k-3.5.2/include/builtins/symbolic-k.k:(34,3,35,21)
Parsing rule: Time:     32 Location: File: /Users/bogo410/Desktop/k-3.5.2/include/builtins/symbolic-k.k:(36,3,37,20)
Parsing rule: Time:     41 Location: File: /Users/bogo410/Desktop/k-3.5.2/include/builtins/symbolic-k.k:(39,3,43,35)
Parsing rule: Time:     40 Location: File: /Users/bogo410/Desktop/k-3.5.2/include/builtins/symbolic-k.k:(44,3,48,35)
Parsing rule: Time:     48 Location: File: /Users/bogo410/Desktop/k-3.5.2/include/builtins/symbolic-k.k:(52,3,56,26)
Parsing rule: Time:      9 Location: File: /Users/bogo410/Desktop/k-3.5.2/include/builtins/symbolic-k.k:(57,3,57,30)
Parsing rule: Time:     57 Location: File: /Users/bogo410/Desktop/k-3.5.2/include/builtins/symbolic-k.k:(61,3,66,28)
Parsing rule: Time:      9 Location: File: /Users/bogo410/Desktop/k-3.5.2/include/builtins/symbolic-k.k:(67,3,67,32)
Parsing rule: Time:     58 Location: File: /Users/bogo410/Desktop/k-3.5.2/include/builtins/symbolic-k.k:(74,3,81,27)
Parsing rule: Time:     11 Location: File: /Users/bogo410/Desktop/k-3.5.2/include/builtins/symbolic-k.k:(85,3,85,50)
Parsing rule: Time:      9 Location: File: /Users/bogo410/Desktop/k-3.5.2/include/builtins/symbolic-k.k:(87,3,87,33)
Parsing rule: Time:      9 Location: File: /Users/bogo410/Desktop/k-3.5.2/include/builtins/symbolic-k.k:(105,3,105,32)
Parsing rule: Time:      9 Location: File: /Users/bogo410/Desktop/k-3.5.2/include/builtins/symbolic-k.k:(106,3,106,30)
Parsing rule: Time:     10 Location: File: /Users/bogo410/Desktop/k-3.5.2/include/builtins/symbolic-k.k:(107,3,107,34)
Parsing rule: Time:      9 Location: File: /Users/bogo410/Desktop/k-3.5.2/include/builtins/symbolic-k.k:(108,3,108,36)
Parsing rule: Time:     10 Location: File: /Users/bogo410/Desktop/k-3.5.2/include/builtins/symbolic-k.k:(109,3,109,27)
Parsing rule: Time:     35 Location: File: /Users/bogo410/Desktop/k-3.5.2/include/builtins/symbolic-k.k:(130,3,131,24)
Parsing rule: Time:     32 Location: File: /Users/bogo410/Desktop/k-3.5.2/include/builtins/symbolic-k.k:(132,3,133,22)
Parsing rule: Time:    159 Location: File: /Users/bogo410/Desktop/k-3.5.2/include/builtins/symbolic-k.k:(134,3,139,13)
Parsing rule: Time:     71 Location: File: /Users/bogo410/Desktop/k-3.5.2/include/builtins/symbolic-k.k:(141,3,146,13)
Parsing rule: Time:     13 Location: File: /Users/bogo410/Desktop/k-3.5.2/include/builtins/symbolic-k.k:(147,3,147,43)
Parsing rule: Time:     84 Location: File: /Users/bogo410/Desktop/k-3.5.2/include/builtins/symbolic-k.k:(149,3,153,13)
Parsing rule: Time:     10 Location: File: /Users/bogo410/Desktop/k-3.5.2/include/builtins/symbolic-k.k:(154,3,154,47)
Parsing rule: Time:     14 Location: File: /Users/bogo410/Desktop/k-3.5.2/include/builtins/symbolic-k.k:(157,3,158,49)
Parsing rule: Time:     19 Location: File: /Users/bogo410/Desktop/k-3.5.2/include/builtins/symbolic-k.k:(161,3,162,63)
Parsing rule: Time:     16 Location: File: /Users/bogo410/Desktop/k-3.5.2/include/builtins/symbolic-k.k:(165,3,165,59)
Parsing rule: Time:     16 Location: File: /Users/bogo410/Desktop/k-3.5.2/include/builtins/symbolic-k.k:(168,3,168,59)
Parsing rule: Time:     15 Location: File: /Users/bogo410/Desktop/k-3.5.2/include/builtins/symbolic-k.k:(171,3,171,52)
Parsing rule: Time:     22 Location: File: /Users/bogo410/Desktop/k-3.5.2/include/builtins/symbolic-k.k:(179,3,179,47)
Parsing rule: Time:     30 Location: File: /Users/bogo410/Desktop/k-3.5.2/include/builtins/symbolic-k.k:(180,3,180,49)
Parsing rule: Time:     26 Location: File: /Users/bogo410/Desktop/k-3.5.2/include/builtins/symbolic-k.k:(181,3,181,53)
Parsing rule: Time:     26 Location: File: /Users/bogo410/Desktop/k-3.5.2/include/builtins/symbolic-k.k:(182,3,182,47)
Parsing rule: Time:     28 Location: File: /Users/bogo410/Desktop/k-3.5.2/include/builtins/symbolic-k.k:(183,3,183,49)
Parsing rule: Time:     19 Location: File: /Users/bogo410/Desktop/k-3.5.2/include/builtins/symbolic-k.k:(184,3,184,53)
Parsing rule: Time:     38 Location: File: /Users/bogo410/Desktop/k-3.5.2/include/builtins/symbolic-k.k:(187,3,188,64)
Parsing rule: Time:     45 Location: File: /Users/bogo410/Desktop/k-3.5.2/include/builtins/symbolic-k.k:(189,3,190,64)
Parsing rule: Time:     29 Location: File: /Users/bogo410/Desktop/k-3.5.2/include/builtins/symbolic-k.k:(191,3,192,64)
Parsing rule: Time:     33 Location: File: /Users/bogo410/Desktop/k-3.5.2/include/builtins/symbolic-k.k:(193,3,194,64)
Parsing rule: Time:     24 Location: File: /Users/bogo410/Desktop/k-3.5.2/include/builtins/symbolic-k.k:(196,3,196,92)
Parsing rule: Time:     22 Location: File: /Users/bogo410/Desktop/k-3.5.2/include/builtins/symbolic-k.k:(197,3,197,92)
Parsing rule: Time:     10 Location: File: /Users/bogo410/Desktop/k-3.5.2/include/io/io.k:(35,3,35,47)
Parsing rule: Time:     19 Location: File: /Users/bogo410/Desktop/k-3.5.2/include/io/io.k:(47,3,50,30)
Parsing rule: Time:     18 Location: File: /Users/bogo410/Desktop/k-3.5.2/include/io/io.k:(51,3,54,30)
Parsing rule: Time:     17 Location: File: /Users/bogo410/Desktop/k-3.5.2/include/io/io.k:(55,3,58,30)
Parsing rule: Time:     15 Location: File: /Users/bogo410/Desktop/k-3.5.2/include/io/io.k:(60,3,62,30)
Parsing rule: Time:     14 Location: File: /Users/bogo410/Desktop/k-3.5.2/include/io/io.k:(63,3,65,30)
Parsing rule: Time:     14 Location: File: /Users/bogo410/Desktop/k-3.5.2/include/io/io.k:(66,3,68,30)
Parsing rule: Time:     20 Location: File: /Users/bogo410/Desktop/k-3.5.2/include/io/io.k:(72,3,75,40)
Parsing rule: Time:     26 Location: File: /Users/bogo410/Desktop/k-3.5.2/include/io/io.k:(78,3,81,52)
Parsing rule: Time:     21 Location: File: /Users/bogo410/Desktop/k-3.5.2/include/io/io.k:(84,3,87,53)
Parsing rule: Time:     26 Location: File: /Users/bogo410/Desktop/k-3.5.2/include/io/io.k:(90,3,94,45)
Parsing rule: Time:     31 Location: File: /Users/bogo410/Desktop/k-3.5.2/include/io/io.k:(96,3,102,45)
Parsing rule: Time:     25 Location: File: /Users/bogo410/Desktop/k-3.5.2/include/io/io.k:(104,3,109,46)
Parsing rule: Time:     13 Location: File: /Users/bogo410/Desktop/k-3.5.2/include/io/io.k:(111,3,112,67)
Parsing rule: Time:     14 Location: File: /Users/bogo410/Desktop/k-3.5.2/include/io/io.k:(114,3,116,30)
Parsing rule: Time:      8 Location: File: /Users/bogo410/Desktop/k-3.5.2/include/io/io.k:(118,3,118,18)
Parsing rule: Time:      7 Location: File: /Users/bogo410/Desktop/k-3.5.2/include/io/io.k:(119,3,119,19)
Parsing rule: Time:      7 Location: File: /Users/bogo410/Desktop/k-3.5.2/include/io/io.k:(120,3,120,19)
Parsing rule: Time:      8 Location: File: /Users/bogo410/Desktop/k-3.5.2/include/io/tcp.k:(13,3,13,51)
Parsing rule: Time:      9 Location: File: /Users/bogo410/Desktop/k-3.5.2/include/io/tcp.k:(16,3,16,64)
Parsing rule: Time:     13 Location: File: /Users/bogo410/Desktop/k-3.5.2/include/io/tcp.k:(19,3,20,77)
Parsing rule: Time:      7 Location: File: /Users/bogo410/Desktop/k-3.5.2/include/io/tcp.k:(22,3,22,52)
Parsing rule: Time:      9 Location: File: /Users/bogo410/Desktop/k-3.5.2/include/io/tcp.k:(23,3,23,60)
Parsing rule: Time:      8 Location: File: /Users/bogo410/Desktop/k-3.5.2/include/io/tcp.k:(24,3,24,58)
Parsing rule: Time:     11 Location: File: /Users/bogo410/Desktop/k-3.5.2/include/io/tcp.k:(25,3,25,60)
Parsing rule: Time:      8 Location: File: /Users/bogo410/Desktop/k-3.5.2/include/io/tcp.k:(26,3,26,58)
Parsing rule: Time:      8 Location: File: /Users/bogo410/Desktop/k-3.5.2/include/io/tcp.k:(27,3,27,56)
Parsing rule: Time:      7 Location: File: /Users/bogo410/Desktop/k-3.5.2/include/io/tcp.k:(28,3,28,70)
Parsing rule: Time:      7 Location: File: /Users/bogo410/Desktop/k-3.5.2/include/io/tcp.k:(29,3,29,56)
Parsing rule: Time:      7 Location: File: /Users/bogo410/Desktop/k-3.5.2/include/io/tcp.k:(30,3,30,58)
Parsing rule: Time:      8 Location: File: /Users/bogo410/Desktop/k-3.5.2/include/io/tcp.k:(31,3,31,58)
Parsing rule: Time:      8 Location: File: /Users/bogo410/Desktop/k-3.5.2/include/io/tcp.k:(32,3,32,58)
Parsing rule: Time:     10 Location: File: /Users/bogo410/Desktop/k-3.5.2/include/io/uris.k:(15,3,15,47)
Parsing rule: Time:     30 Location: File: /Users/bogo410/Desktop/k-3.5.2/include/io/uris.k:(16,3,16,213)
Parsing rule: Time:     17 Location: File: /Users/bogo410/Desktop/k-3.5.2/include/io/uris.k:(18,3,19,96)
Parsing rule: Time:     12 Location: File: /Users/bogo410/Desktop/k-3.5.2/include/io/uris.k:(22,3,22,82)
Parsing rule: Time:     10 Location: File: /Users/bogo410/Desktop/k-3.5.2/include/io/uris.k:(23,3,23,63)
Parsing rule: Time:      9 Location: File: /Users/bogo410/Desktop/k-3.5.2/include/io/uris.k:(24,3,24,35)
Parsing rule: Time:      7 Location: File: /Users/bogo410/Desktop/k-3.5.2/include/io/uris.k:(27,3,27,32)
Parsing rule: Time:      9 Location: File: /Users/bogo410/Desktop/k-3.5.2/include/io/uris.k:(28,3,28,36)
Parsing rule: Time:      8 Location: File: /Users/bogo410/Desktop/k-3.5.2/include/io/uris.k:(29,3,29,31)
Parsing rule: Time:      8 Location: File: /Users/bogo410/Desktop/k-3.5.2/include/io/uris.k:(30,3,30,34)
Parsing rule: Time:     15 Location: File: /Users/bogo410/Desktop/k-3.5.2/include/io/uris.k:(32,3,32,113)
Parsing rule: Time:     20 Location: File: /Users/bogo410/Desktop/k-3.5.2/include/io/uris.k:(34,3,36,80)
Parsing rule: Time:     19 Location: File: /Users/bogo410/Desktop/k-3.5.2/include/io/uris.k:(39,3,40,121)
Parsing rule: Time:     22 Location: File: /Users/bogo410/Desktop/k-3.5.2/include/io/uris.k:(42,3,43,153)
Parsing rule: Time:     11 Location: File: /Users/bogo410/Desktop/k-3.5.2/include/io/uris.k:(47,3,47,74)
Parsing rule: Time:      8 Location: File: /Users/bogo410/Desktop/k-3.5.2/include/io/uris.k:(48,3,48,35)
Parsing rule: Time:     29 Location: File: /Users/bogo410/Desktop/k-3.5.2/include/io/uris.k:(50,3,52,133)
Parsing rule: Time:     23 Location: File: /Users/bogo410/Desktop/k-3.5.2/include/io/uris.k:(54,3,56,84)
Parsing rule: Time:      8 Location: File: /Users/bogo410/Desktop/k-3.5.2/include/io/uris.k:(58,3,59,101)
Parsing rule: Time:     10 Location: File: /Users/bogo410/Desktop/k-3.5.2/include/io/uris.k:(61,3,62,104)
Parsing rule: Time:      9 Location: File: /Users/bogo410/Desktop/k-3.5.2/include/io/uris.k:(64,3,64,108)
Parsing rule: Time:     22 Location: File: /Users/bogo410/Desktop/k-3.5.2/include/io/uris.k:(67,3,67,202)
Parsing rule: Time:     10 Location: File: /Users/bogo410/Desktop/k-3.5.2/include/io/uris.k:(68,3,68,74)
Parsing rule: Time:     12 Location: File: /Users/bogo410/Desktop/k-3.5.2/include/io/uris.k:(69,3,69,57)
Parsing rule: Time:     29 Location: File: /Users/bogo410/Desktop/k-3.5.2/include/io/uris.k:(72,3,72,352)
Parsing rule: Time:      6 Location: File: /Users/bogo410/Desktop/k-3.5.2/include/io/uris.k:(73,3,73,27)
Parsing rule: Time:     24 Location: File: /Users/bogo410/Desktop/k-3.5.2/include/io/uris.k:(78,3,78,155)
Parsing rule: Time:      7 Location: File: /Users/bogo410/Desktop/k-3.5.2/include/io/uris.k:(85,3,85,55)
Parsing rule: Time:     13 Location: File: /Users/bogo410/Desktop/k-3.5.2/include/io/uris.k:(90,3,90,122)
Parsing rule: Time:     16 Location: File: /Users/bogo410/Desktop/k-3.5.2/include/io/uris.k:(92,3,92,127)
Parsing rule: Time:     23 Location: File: /Users/bogo410/Desktop/k-3.5.2/include/builtins/map-impl.k:(11,3,11,38)
Parsing rule: Time:     87 Location: File: /Users/bogo410/Desktop/k-3.5.2/include/builtins/map-impl.k:(14,3,14,52)
Parsing rule: Time:     53 Location: File: /Users/bogo410/Desktop/k-3.5.2/include/builtins/map-impl.k:(15,3,16,29)
Parsing rule: Time:     15 Location: File: /Users/bogo410/Desktop/k-3.5.2/include/builtins/map-impl.k:(19,3,19,41)
Parsing rule: Time:     72 Location: File: /Users/bogo410/Desktop/k-3.5.2/include/builtins/map-impl.k:(23,3,24,74)
Parsing rule: Time:      8 Location: File: /Users/bogo410/Desktop/k-3.5.2/include/builtins/map-impl.k:(25,3,25,30)
Parsing rule: Time:     16 Location: File: /Users/bogo410/Desktop/k-3.5.2/include/builtins/map-impl.k:(28,3,28,77)
Parsing rule: Time:      7 Location: File: /Users/bogo410/Desktop/k-3.5.2/include/builtins/map-impl.k:(29,3,29,34)
Parsing rule: Time:     18 Location: File: /Users/bogo410/Desktop/k-3.5.2/include/builtins/map-impl.k:(32,3,32,50)
Parsing rule: Time:      7 Location: File: /Users/bogo410/Desktop/k-3.5.2/include/builtins/map-impl.k:(33,3,33,25)
Parsing rule: Time:     19 Location: File: /Users/bogo410/Desktop/k-3.5.2/include/builtins/map-impl.k:(36,3,36,55)
Parsing rule: Time:      7 Location: File: /Users/bogo410/Desktop/k-3.5.2/include/builtins/map-impl.k:(37,3,37,28)
Parsing rule: Time:     25 Location: File: /Users/bogo410/Desktop/k-3.5.2/include/builtins/map-impl.k:(40,3,40,44)
Parsing rule: Time:      8 Location: File: /Users/bogo410/Desktop/k-3.5.2/include/builtins/map-impl.k:(41,3,41,22)
Parsing rule: Time:     36 Location: File: /Users/bogo410/Desktop/k-3.5.2/include/builtins/map-impl.k:(44,3,44,69)
Parsing rule: Time:      9 Location: File: /Users/bogo410/Desktop/k-3.5.2/include/builtins/map-impl.k:(45,3,45,31)
Parsing rule: Time:     13 Location: File: /Users/bogo410/Desktop/k-3.5.2/include/builtins/set-impl.k:(11,3,11,59)
Parsing rule: Time:     29 Location: File: /Users/bogo410/Desktop/k-3.5.2/include/builtins/set-impl.k:(14,3,15,78)
Parsing rule: Time:      7 Location: File: /Users/bogo410/Desktop/k-3.5.2/include/builtins/set-impl.k:(16,3,16,30)
Parsing rule: Time:     20 Location: File: /Users/bogo410/Desktop/k-3.5.2/include/builtins/set-impl.k:(19,3,19,60)
Parsing rule: Time:     50 Location: File: /Users/bogo410/Desktop/k-3.5.2/include/builtins/set-impl.k:(20,3,20,72)
Parsing rule: Time:     10 Location: File: /Users/bogo410/Desktop/k-3.5.2/include/builtins/set-impl.k:(21,3,21,25)
Parsing rule: Time:     19 Location: File: /Users/bogo410/Desktop/k-3.5.2/include/builtins/set-impl.k:(24,3,24,50)
Parsing rule: Time:     21 Location: File: /Users/bogo410/Desktop/k-3.5.2/include/builtins/set-impl.k:(27,3,27,47)
Parsing rule: Time:      8 Location: File: /Users/bogo410/Desktop/k-3.5.2/include/builtins/set-impl.k:(28,3,28,22)
Parsing rule: Time:     16 Location: File: /Users/bogo410/Desktop/k-3.5.2/include/builtins/list-impl.k:(10,3,10,40)
Parsing rule: Time:    206 Location: File: /Users/bogo410/Desktop/k-3.5.2/include/builtins/list-impl.k:(11,3,11,63)
Parsing rule: Time:     10 Location: File: /Users/bogo410/Desktop/k-3.5.2/include/builtins/list-impl.k:(12,3,12,26)
Parsing rule: Time:     20 Location: File: /Users/bogo410/Desktop/k-3.5.2/include/builtins/list-impl.k:(15,3,15,49)
Parsing rule: Time:      8 Location: File: /Users/bogo410/Desktop/k-3.5.2/include/builtins/list-impl.k:(16,3,16,23)
Parsing rule: Time:     19 Location: File: /Users/bogo410/Desktop/k-3.5.2/include/builtins/mint.k:(43,3,43,53)
Parsing rule: Time:     18 Location: File: /Users/bogo410/Desktop/k-3.5.2/include/builtins/mint.k:(44,3,44,53)
Parsing rule: Time:      8 Location: File: /Users/bogo410/Desktop/k-3.5.2/include/builtins/mint.k:(45,3,45,27)
Parsing rule: Time:     15 Location: File: /Users/bogo410/Desktop/k-3.5.2/include/builtins/mint.k:(46,3,46,44)
Parsing rule: Time:     28 Location: File: /Users/bogo410/Desktop/k-3.5.2/include/builtins/mint.k:(54,3,57,48)
Parsing rule: Time:     25 Location: File: /Users/bogo410/Desktop/k-3.5.2/include/builtins/mint.k:(58,3,61,48)
Parsing rule: Time:     18 Location: File: /Users/bogo410/Desktop/k-3.5.2/include/builtins/mint.k:(71,3,71,55)
Parsing rule: Time:     10 Location: File: /Users/bogo410/Desktop/k-3.5.2/include/builtins/mint.k:(73,3,73,59)
Parsing rule: Time:     11 Location: File: /Users/bogo410/Desktop/k-3.5.2/include/builtins/mint.k:(126,3,126,63)
Parsing rule: Time:     15 Location: File: /Users/bogo410/Desktop/k-3.5.2/include/builtins/mint.k:(173,3,173,55)
Parsing rule: Time:     55 Location: File: /Users/bogo410/Desktop/k-3.5.2/include/builtins/mint.k:(178,3,183,15)
Parsing rule: Time:      8 Location: File: /Users/bogo410/Desktop/k-3.5.2/include/builtins/mint.k:(184,3,184,46)
Parsing rule: Time:     15 Location: File: /Users/bogo410/Desktop/k-3.5.2/include/builtins/mint.k:(186,3,189,55)
Parsing rule: Time:      8 Location: File: /Users/bogo410/Desktop/k-3.5.2/include/builtins/mint.k:(190,3,190,44)
Parsing rule: Time:     14 Location: File: /Users/bogo410/Desktop/k-3.5.2/include/builtins/mint-impl.k:(8,3,8,32)
Parsing rule: Time:      9 Location: File: /Users/bogo410/Desktop/k-3.5.2/include/builtins/mint-impl.k:(11,3,11,39)
Parsing rule: Time:     28 Location: File: /Users/bogo410/Desktop/k-3.5.2/include/builtins/mint-impl.k:(13,3,16,80)
Parsing rule: Time:     15 Location: File: /Users/bogo410/Desktop/k-3.5.2/include/builtins/mint-impl.k:(17,3,17,60)
Parsing rule: Time:     17 Location: File: /Users/bogo410/Desktop/k-3.5.2/include/builtins/mint-impl.k:(22,3,22,75)
Parsing rule: Time:     16 Location: File: /Users/bogo410/Desktop/k-3.5.2/include/builtins/mint-impl.k:(23,3,23,75)
Parsing rule: Time:     18 Location: File: /Users/bogo410/Desktop/k-3.5.2/include/builtins/mint-impl.k:(24,3,24,75)
Parsing rule: Time:     53 Location: File: /Users/bogo410/Desktop/k-3.5.2/include/builtins/mint-impl.k:(26,3,31,34)
Parsing rule: Time:     57 Location: File: /Users/bogo410/Desktop/k-3.5.2/include/builtins/mint-impl.k:(32,3,37,34)
Parsing rule: Time:     31 Location: File: /Users/bogo410/Desktop/k-3.5.2/include/builtins/mint-impl.k:(40,3,44,34)
Parsing rule: Time:     30 Location: File: /Users/bogo410/Desktop/k-3.5.2/include/builtins/mint-impl.k:(45,3,49,34)
Parsing rule: Time:     38 Location: File: /Users/bogo410/Desktop/k-3.5.2/include/builtins/mint-impl.k:(54,3,58,80)
Parsing rule: Time:     38 Location: File: /Users/bogo410/Desktop/k-3.5.2/include/builtins/mint-impl.k:(59,3,63,80)
Parsing rule: Time:     33 Location: File: /Users/bogo410/Desktop/k-3.5.2/include/builtins/mint-impl.k:(65,3,69,80)
Parsing rule: Time:     33 Location: File: /Users/bogo410/Desktop/k-3.5.2/include/builtins/mint-impl.k:(70,3,74,80)
Parsing rule: Time:     34 Location: File: /Users/bogo410/Desktop/k-3.5.2/include/builtins/mint-impl.k:(76,3,80,80)
Parsing rule: Time:     39 Location: File: /Users/bogo410/Desktop/k-3.5.2/include/builtins/mint-impl.k:(81,3,85,80)
Parsing rule: Time:     17 Location: File: /Users/bogo410/Desktop/k-3.5.2/include/builtins/mint-impl.k:(90,3,90,75)
Parsing rule: Time:     17 Location: File: /Users/bogo410/Desktop/k-3.5.2/include/builtins/mint-impl.k:(91,3,91,74)
Parsing rule: Time:     17 Location: File: /Users/bogo410/Desktop/k-3.5.2/include/builtins/mint-impl.k:(92,3,92,77)
Parsing rule: Time:     16 Location: File: /Users/bogo410/Desktop/k-3.5.2/include/builtins/mint-impl.k:(97,3,97,60)
Parsing rule: Time:     16 Location: File: /Users/bogo410/Desktop/k-3.5.2/include/builtins/mint-impl.k:(98,3,98,61)
Parsing rule: Time:     16 Location: File: /Users/bogo410/Desktop/k-3.5.2/include/builtins/mint-impl.k:(99,3,99,80)
Parsing rule: Time:     24 Location: File: /Users/bogo410/Desktop/k-3.5.2/include/builtins/mint-impl.k:(104,3,107,52)
Parsing rule: Time:     24 Location: File: /Users/bogo410/Desktop/k-3.5.2/include/builtins/mint-impl.k:(108,3,111,52)
Parsing rule: Time:     23 Location: File: /Users/bogo410/Desktop/k-3.5.2/include/builtins/mint-impl.k:(113,3,116,53)
Parsing rule: Time:     23 Location: File: /Users/bogo410/Desktop/k-3.5.2/include/builtins/mint-impl.k:(117,3,120,53)
Parsing rule: Time:     19 Location: File: /Users/bogo410/Desktop/k-3.5.2/include/builtins/mint-impl.k:(122,3,125,52)
Parsing rule: Time:     18 Location: File: /Users/bogo410/Desktop/k-3.5.2/include/builtins/mint-impl.k:(126,3,129,52)
Parsing rule: Time:     25 Location: File: /Users/bogo410/Desktop/k-3.5.2/include/builtins/mint-impl.k:(131,3,134,53)
Parsing rule: Time:     23 Location: File: /Users/bogo410/Desktop/k-3.5.2/include/builtins/mint-impl.k:(135,3,138,53)
Parsing rule: Time:     23 Location: File: /Users/bogo410/Desktop/k-3.5.2/include/builtins/mint-impl.k:(140,3,143,57)
Parsing rule: Time:     22 Location: File: /Users/bogo410/Desktop/k-3.5.2/include/builtins/mint-impl.k:(144,3,147,58)
Parsing rule: Time:     22 Location: File: /Users/bogo410/Desktop/k-3.5.2/include/builtins/mint-impl.k:(152,3,155,61)
Parsing rule: Time:     32 Location: File: /Users/bogo410/Desktop/k-3.5.2/include/builtins/mint-impl.k:(156,3,160,61)
Parsing rule: Time:     11 Location: File: /Users/bogo410/git/Ksql/././sql.k:(90,1,90,33)
Parsing rule: Time:     16 Location: File: /Users/bogo410/git/Ksql/././sql.k:(94,1,95,59)
Parsing rule: Time:     41 Location: File: /Users/bogo410/git/Ksql/././sql.k:(99,1,106,23)
Parsing rule: Time:     28 Location: File: /Users/bogo410/git/Ksql/././sql.k:(109,1,111,45)
Parsing rule: Time:      8 Location: File: /Users/bogo410/git/Ksql/././sql.k:(114,1,114,57)
Parsing rule: Time:     34 Location: File: /Users/bogo410/git/Ksql/././sql.k:(118,1,120,45)
Parsing rule: Time:     22 Location: File: /Users/bogo410/git/Ksql/././sql.k:(123,1,125,45)
Parsing rule: Time:     12 Location: File: /Users/bogo410/git/Ksql/././sql.k:(127,1,127,58)
Parsing rule: Time:     35 Location: File: /Users/bogo410/git/Ksql/././sql.k:(131,1,133,45)
Parsing rule: Time:     27 Location: File: /Users/bogo410/git/Ksql/././sql.k:(135,1,137,45)
Parsing rule: Time:     12 Location: File: /Users/bogo410/git/Ksql/././sql.k:(139,1,139,59)
Parsing rule: Time:     48 Location: File: /Users/bogo410/git/Ksql/././sql.k:(143,1,145,58)
Parsing rule: Time:     17 Location: File: /Users/bogo410/git/Ksql/././sql.k:(148,1,149,59)
Parsing rule: Time:     19 Location: File: /Users/bogo410/git/Ksql/././sql.k:(153,1,156,28)
Parsing rule: Time:     10 Location: File: /Users/bogo410/git/Ksql/././sql.k:(158,1,161,28)
Parsing rule: Time:      7 Location: File: /Users/bogo410/git/Ksql/././sql.k:(163,1,163,44)
Parsing rule: Time:     37 Location: File: /Users/bogo410/git/Ksql/././sql.k:(166,1,172,44)
Parsing rule: Time:     53 Location: File: /Users/bogo410/git/Ksql/././sql.k:(177,1,177,122)
Parsing rule: Time:     21 Location: File: /Users/bogo410/git/Ksql/././sql.k:(178,1,178,117)
Parsing rule: Time:     10 Location: File: /Users/bogo410/git/Ksql/././sql.k:(179,1,179,53)
Parsing rule: Time:     16 Location: File: /Users/bogo410/git/Ksql/././sql.k:(183,1,183,47)
Parsing rule: Time:      7 Location: File: /Users/bogo410/git/Ksql/././sql.k:(184,1,184,24)
Parsing rule: Time:     16 Location: File: /Users/bogo410/git/Ksql/././sql.k:(187,1,187,47)
Parsing rule: Time:      6 Location: File: /Users/bogo410/git/Ksql/././sql.k:(188,1,188,23)
